<?xml version="1.0" encoding="UTF-8"?>
<testsuite errors="1" failures="0" name="TestMainPageElementsPresence-20150312111641" tests="4" time="0.091">
	<properties/>
	<system-out>
<![CDATA[]]>	</system-out>
	<system-err>
<![CDATA[]]>	</system-err>
	<testcase classname="TestMainPageElementsPresence" name="test_main_news_block_presence" time="0.058"/>
	<testcase classname="TestMainPageElementsPresence" name="test_news_block_presence" time="0.017"/>
	<testcase classname="TestMainPageElementsPresence" name="test_title_of_main_page" time="0.006"/>
	<testcase classname="TestMainPageElementsPresence" name="test_usd_interbank_rate_presence" time="0.010">
		<error message="Message: Unable to locate element: {&quot;method&quot;:&quot;xpath&quot;,&quot;selector&quot;:&quot;//section/a[2]&quot;}
Stacktrace:
    at FirefoxDriver.prototype.findElementInternal_ (file:///tmp/tmpldxje61s/extensions/fxdriver@googlecode.com/components/driver-component.js:9641:26)
    at FirefoxDriver.prototype.findElement (file:///tmp/tmpldxje61s/extensions/fxdriver@googlecode.com/components/driver-component.js:9650:3)
    at DelayedCommand.prototype.executeInternal_/h (file:///tmp/tmpldxje61s/extensions/fxdriver@googlecode.com/components/command-processor.js:11635:16)
    at DelayedCommand.prototype.executeInternal_ (file:///tmp/tmpldxje61s/extensions/fxdriver@googlecode.com/components/command-processor.js:11640:7)
    at DelayedCommand.prototype.execute/&lt; (file:///tmp/tmpldxje61s/extensions/fxdriver@googlecode.com/components/command-processor.js:11582:5)" type="NoSuchElementException">
<![CDATA[Traceback (most recent call last):
  File "tests_unittest_framework/test_main_page_elements_presence.py", line 32, in test_usd_interbank_rate_presence
    self.assertTrue(self.driver.find_element(*MainPageLocators.USD_INTERBANK_RATE).is_displayed(),
  File "/usr/local/lib/python3.4/dist-packages/selenium/webdriver/remote/webdriver.py", line 662, in find_element
    {'using': by, 'value': value})['value']
  File "/usr/local/lib/python3.4/dist-packages/selenium/webdriver/remote/webdriver.py", line 173, in execute
    self.error_handler.check_response(response)
  File "/usr/local/lib/python3.4/dist-packages/selenium/webdriver/remote/errorhandler.py", line 166, in check_response
    raise exception_class(message, screen, stacktrace)
selenium.common.exceptions.NoSuchElementException: Message: Unable to locate element: {"method":"xpath","selector":"//section/a[2]"}
Stacktrace:
    at FirefoxDriver.prototype.findElementInternal_ (file:///tmp/tmpldxje61s/extensions/fxdriver@googlecode.com/components/driver-component.js:9641:26)
    at FirefoxDriver.prototype.findElement (file:///tmp/tmpldxje61s/extensions/fxdriver@googlecode.com/components/driver-component.js:9650:3)
    at DelayedCommand.prototype.executeInternal_/h (file:///tmp/tmpldxje61s/extensions/fxdriver@googlecode.com/components/command-processor.js:11635:16)
    at DelayedCommand.prototype.executeInternal_ (file:///tmp/tmpldxje61s/extensions/fxdriver@googlecode.com/components/command-processor.js:11640:7)
    at DelayedCommand.prototype.execute/< (file:///tmp/tmpldxje61s/extensions/fxdriver@googlecode.com/components/command-processor.js:11582:5)
]]>		</error>
	</testcase>
</testsuite>
